0	0.00	0.00	0.00	0	0	0	0.00	0.00	0.00
0	0.00	0.00	0.00	0	0	0	0.00	0.00	0.00
0	0.00	0.00	0.00	0	0	0	0.00	0.00	0.00
393	0.20	-0.10	0.78	-30	5	-979	0.21	0.15	0.11
393	0.20	-0.10	0.78	-30	5	-979	0.21	0.15	0.11
593	0.20	0.62	0.61	-30	4	-979	0.33	-1.27	0.04
593	0.20	0.62	0.61	-30	4	-979	0.33	-1.27	0.04
793	0.26	0.50	0.43	-30	3	-982	0.45	-1.38	0.01
793	0.26	0.50	0.43	-30	3	-982	0.45	-1.38	0.01
993	0.61	0.33	0.43	-28	6	-984	0.58	-1.45	-0.03
993	0.61	0.33	0.43	-28	6	-984	0.58	-1.45	-0.03
1193	0.13	0.75	0.43	-29	2	-983	0.71	-1.44	-0.06
1193	0.13	0.75	0.43	-29	2	-983	0.71	-1.44	-0.06
1393	0.32	0.75	0.49	-33	4	-982	0.85	-1.41	-0.06
1393	0.32	0.75	0.49	-33	4	-982	0.85	-1.41	-0.06
1593	0.26	0.33	0.79	-29	2	-982	0.96	-1.38	-0.04
1593	0.26	0.33	0.79	-29	2	-982	0.96	-1.38	-0.04
1793	0.02	0.71	0.90	-29	6	-981	1.13	-1.35	-0.07
1793	0.02	0.71	0.90	-29	6	-981	1.13	-1.35	-0.07
1993	-0.03	0.71	0.72	-29	6	-982	1.27	-1.32	-0.06
1993	-0.03	0.71	0.72	-29	6	-982	1.27	-1.32	-0.06
2193	0.31	0.35	0.67	-31	6	-983	1.41	-1.31	-0.06
2193	0.31	0.35	0.67	-31	6	-983	1.41	-1.31	-0.06
2394	-0.27	0.47	0.59	-31	6	-983	1.52	-1.23	-0.05
2394	-0.27	0.47	0.59	-31	6	-983	1.52	-1.23	-0.05
2594	0.19	0.17	0.50	-30	6	-984	1.67	-1.18	-0.04
2594	0.19	0.17	0.50	-30	6	-984	1.67	-1.18	-0.04
2794	-0.03	0.36	0.72	-29	3	-980	1.76	-1.10	-0.03
2794	-0.03	0.36	0.72	-29	3	-980	1.76	-1.10	-0.03
2994	0.32	0.89	0.73	-31	6	-981	1.89	-1.09	-0.02
2994	0.32	0.89	0.73	-31	6	-981	1.89	-1.09	-0.02
3194	0.55	0.84	0.85	-28	4	-984	2.01	-1.06	-0.01
3194	0.55	0.84	0.85	-28	4	-984	2.01	-1.06	-0.01
3394	0.50	0.20	0.20	-31	6	-982	2.14	-1.07	0.00
3394	0.50	0.20	0.20	-31	6	-982	2.14	-1.07	0.00
3594	0.43	0.78	1.32	-28	5	-981	2.28	-1.02	0.05
3594	0.43	0.78	1.32	-28	5	-981	2.28	-1.02	0.05
3794	0.24	0.44	0.73	-31	5	-982	2.43	-0.99	0.06
3794	0.24	0.44	0.73	-31	5	-982	2.43	-0.99	0.06
3994	-0.05	0.19	0.55	-30	6	-981	2.56	-0.96	0.09
3994	-0.05	0.19	0.55	-30	6	-981	2.56	-0.96	0.09
4195	0.00	0.48	0.49	-31	4	-983	2.69	-0.97	0.10
4195	0.00	0.48	0.49	-31	4	-983	2.69	-0.97	0.10
4395	-0.18	0.14	1.12	-31	5	-983	2.86	-0.98	0.10
4395	-0.18	0.14	1.12	-31	5	-983	2.86	-0.98	0.10
4595	-0.02	0.48	0.97	-31	6	-983	2.95	-1.03	0.08
4595	-0.02	0.48	0.97	-31	6	-983	2.95	-1.03	0.08
4795	0.03	-0.46	0.42	-29	5	-983	3.05	-1.05	0.08
4795	0.03	-0.46	0.42	-29	5	-983	3.05	-1.05	0.08
4995	-0.03	0.55	0.55	-31	5	-983	3.18	-1.05	0.05
4995	-0.03	0.55	0.55	-31	5	-983	3.18	-1.05	0.05
5195	0.20	-0.18	0.84	-30	6	-983	3.30	-1.04	0.04
5195	0.20	-0.18	0.84	-30	6	-983	3.30	-1.04	0.04
5395	0.42	-0.27	0.32	-28	4	-983	3.42	-1.10	0.02
5395	0.42	-0.27	0.32	-28	4	-983	3.42	-1.10	0.02
5595	-0.28	0.29	0.88	-31	5	-982	3.55	-1.10	0.01
5595	-0.28	0.29	0.88	-31	5	-982	3.55	-1.10	0.01
5795	0.17	0.44	0.73	-28	7	-981	3.72	-1.12	0.01
5795	0.17	0.44	0.73	-28	7	-981	3.72	-1.12	0.01
5996	0.29	-0.04	0.61	-30	6	-981	3.83	-1.14	0.00
5996	0.29	-0.04	0.61	-30	6	-981	3.83	-1.14	0.00
6196	-0.07	0.00	0.72	-31	4	-982	3.95	-1.21	-0.06
6196	-0.07	0.00	0.72	-31	4	-982	3.95	-1.21	-0.06
6396	0.04	0.30	0.97	-31	5	-984	4.10	-1.21	-0.06
6396	0.04	0.30	0.97	-31	5	-984	4.10	-1.21	-0.06
6596	0.03	0.53	0.97	-32	5	-983	4.26	-1.19	-0.04
6596	0.03	0.53	0.97	-32	5	-983	4.26	-1.19	-0.04
6796	0.51	-0.33	0.91	-32	6	-983	4.37	-1.16	-0.04
6796	0.51	-0.33	0.91	-32	6	-983	4.37	-1.16	-0.04
6996	-0.03	0.37	0.66	-30	6	-983	4.51	-1.14	-0.04
6996	-0.03	0.37	0.66	-30	6	-983	4.51	-1.14	-0.04
7196	0.02	-0.54	0.66	-29	3	-981	4.63	-1.19	-0.05
7196	0.02	-0.54	0.66	-29	3	-981	4.63	-1.19	-0.05
7396	-0.03	0.02	0.97	-29	6	-979	4.76	-1.22	-0.05
7396	-0.03	0.02	0.97	-29	6	-979	4.76	-1.22	-0.05
7596	-0.16	0.02	0.96	-29	6	-981	4.92	-1.23	-0.04
7596	-0.16	0.02	0.96	-29	6	-981	4.92	-1.23	-0.04
7797	-0.40	0.10	0.65	-33	6	-983	5.08	-1.29	-0.07
7797	-0.40	0.10	0.65	-33	6	-983	5.08	-1.29	-0.07
7997	-0.05	0.03	0.38	-30	5	-984	5.24	-1.30	-0.07
7997	-0.05	0.03	0.38	-30	5	-984	5.24	-1.30	-0.07
8197	-0.05	0.47	0.50	-30	6	-982	5.37	-1.29	-0.08
8197	-0.05	0.47	0.50	-30	6	-982	5.37	-1.29	-0.08
8397	0.06	0.00	1.09	-30	6	-981	5.50	-1.33	-0.10
8397	0.06	0.00	1.09	-30	6	-981	5.50	-1.33	-0.10
8597	0.00	0.21	0.49	-30	4	-979	5.63	-1.34	-0.13
8597	0.00	0.21	0.49	-30	4	-979	5.63	-1.34	-0.13
8797	0.11	0.22	0.38	-32	5	-982	5.76	-1.37	-0.13
8797	0.11	0.22	0.38	-32	5	-982	5.76	-1.37	-0.13
8997	0.00	0.20	0.38	-29	5	-979	5.86	-1.37	-0.15
8997	0.00	0.20	0.38	-29	5	-979	5.86	-1.37	-0.15
9197	-0.12	0.15	0.67	-30	5	-979	6.00	-1.37	-0.16
9197	-0.12	0.15	0.67	-30	5	-979	6.00	-1.37	-0.16
9398	-0.30	-0.33	0.30	-30	5	-982	6.12	-1.39	-0.20
9398	-0.30	-0.33	0.30	-30	5	-982	6.12	-1.39	-0.20
9598	-0.07	0.38	0.67	-33	5	-982	6.25	-1.37	-0.23
9598	-0.07	0.38	0.67	-33	5	-982	6.25	-1.37	-0.23
9798	-0.24	0.09	0.83	-31	6	-983	6.38	-1.39	-0.23
9798	-0.24	0.09	0.83	-31	6	-983	6.38	-1.39	-0.23
9998	0.16	0.21	1.03	-32	5	-982	6.54	-1.44	-0.26
9998	0.16	0.21	1.03	-32	5	-982	6.54	-1.44	-0.26
10198	-0.07	0.66	0.44	-31	5	-982	6.68	-1.45	-0.25
10198	-0.07	0.66	0.44	-31	5	-982	6.68	-1.45	-0.25
10398	0.10	-0.48	0.85	-29	3	-981	6.84	-1.48	-0.26
10398	0.10	-0.48	0.85	-29	3	-981	6.84	-1.48	-0.26
10598	-0.36	0.38	0.94	-33	5	-979	6.99	-1.48	-0.27
10598	-0.36	0.38	0.94	-33	5	-979	6.99	-1.48	-0.27
10799	0.10	-0.05	0.67	-29	5	-982	7.10	-1.51	-0.26
10799	0.10	-0.05	0.67	-29	5	-982	7.10	-1.51	-0.26
10999	0.40	0.18	0.91	-31	6	-982	7.25	-1.50	-0.23
10999	0.40	0.18	0.91	-31	6	-982	7.25	-1.50	-0.23
11199	0.04	0.41	0.44	-30	6	-983	7.35	-1.45	-0.22
11199	0.04	0.41	0.44	-30	6	-983	7.35	-1.45	-0.22
11399	0.34	0.10	0.44	-30	4	-984	7.46	-1.46	-0.22
11399	0.34	0.10	0.44	-30	4	-984	7.46	-1.46	-0.22
11599	0.04	-0.37	0.50	-31	3	-984	7.59	-1.48	-0.22
11599	0.04	-0.37	0.50	-31	3	-984	7.59	-1.48	-0.22
11799	0.10	-0.67	0.67	-32	6	-983	7.75	-1.52	-0.24
11799	0.10	-0.67	0.67	-32	6	-983	7.75	-1.52	-0.24
11999	-0.14	-0.07	0.56	-31	5	-982	7.86	-1.51	-0.25
11999	-0.14	-0.07	0.56	-31	5	-982	7.86	-1.51	-0.25
12200	-0.31	-0.18	0.83	-30	6	-982	7.98	-1.54	-0.27
12200	-0.31	-0.18	0.83	-30	6	-982	7.98	-1.54	-0.27
12400	-0.07	0.46	0.49	-31	3	-983	8.10	-1.53	-0.27
12400	-0.07	0.46	0.49	-31	3	-983	8.10	-1.53	-0.27
12600	0.45	-0.13	0.73	-30	5	-981	8.29	-1.57	-0.22
12600	0.45	-0.13	0.73	-30	5	-981	8.29	-1.57	-0.22
12800	0.22	1.06	0.44	-31	6	-983	8.46	-1.54	-0.20
12800	0.22	1.06	0.44	-31	6	-983	8.46	-1.54	-0.20
13000	-0.37	0.09	0.70	-30	3	-984	8.59	-1.56	-0.21
13000	-0.37	0.09	0.70	-30	3	-984	8.59	-1.56	-0.21
13200	-0.14	-0.17	1.26	-31	6	-983	8.73	-1.53	-0.24
13200	-0.14	-0.17	1.26	-31	6	-983	8.73	-1.53	-0.24
13400	0.09	0.15	0.50	-32	3	-981	8.88	-1.54	-0.22
13400	0.09	0.15	0.50	-32	3	-981	8.88	-1.54	-0.22
13600	-0.25	-0.01	0.72	-31	4	-983	9.02	-1.54	-0.26
13600	-0.25	-0.01	0.72	-31	4	-983	9.02	-1.54	-0.26
13800	-0.20	-0.20	0.72	-28	4	-980	9.18	-1.56	-0.29
13800	-0.20	-0.20	0.72	-28	4	-980	9.18	-1.56	-0.29
14000	0.21	0.03	0.67	-32	6	-982	9.32	-1.51	-0.27
14000	0.21	0.03	0.67	-32	6	-982	9.32	-1.51	-0.27
14200	0.21	-0.15	0.67	-29	5	-983	9.46	-1.54	-0.26
14200	0.21	-0.15	0.67	-29	5	-983	9.46	-1.54	-0.26
14400	0.21	0.08	0.85	-30	6	-982	9.58	-1.49	-0.27
14400	0.21	0.08	0.85	-30	6	-982	9.58	-1.49	-0.27
14600	-0.26	0.14	0.48	-29	4	-981	9.70	-1.52	-0.28
14600	-0.26	0.14	0.48	-29	4	-981	9.70	-1.52	-0.28
14800	0.09	0.08	0.61	-32	3	-983	9.84	-1.48	-0.28
14800	0.09	0.08	0.61	-32	3	-983	9.84	-1.48	-0.28
15001	0.15	0.20	0.97	-29	5	-984	9.98	-1.50	-0.29
15001	0.15	0.20	0.97	-29	5	-984	9.98	-1.50	-0.29
15200	-0.37	0.62	0.58	-29	4	-984	10.11	-1.47	-0.29
15200	-0.37	0.62	0.58	-29	4	-984	10.11	-1.47	-0.29
15400	-0.07	-0.04	0.19	-31	4	-979	10.23	-1.44	-0.29
15400	-0.07	-0.04	0.19	-31	4	-979	10.23	-1.44	-0.29
15600	-0.25	-0.28	0.36	-29	6	-981	10.39	-1.45	-0.33
15600	-0.25	-0.28	0.36	-29	6	-981	10.39	-1.45	-0.33
15800	0.27	0.02	0.67	-30	3	-980	10.51	-1.44	-0.35
15800	0.27	0.02	0.67	-30	3	-980	10.51	-1.44	-0.35
16000	0.03	-0.04	0.55	-30	5	-980	10.62	-1.45	-0.37
16000	0.03	-0.04	0.55	-30	5	-980	10.62	-1.45	-0.37
16200	-0.26	0.52	0.66	-31	5	-982	10.77	-1.45	-0.39
16200	-0.26	0.52	0.66	-31	5	-982	10.77	-1.45	-0.39
16400	0.15	0.02	0.38	-31	5	-984	10.88	-1.46	-0.39
16400	0.15	0.02	0.38	-31	5	-984	10.88	-1.46	-0.39
16600	-0.02	-0.07	0.91	-31	4	-984	11.01	-1.45	-0.39
16600	-0.02	-0.07	0.91	-31	4	-984	11.01	-1.45	-0.39
16800	-0.02	-0.39	0.67	-31	5	-982	11.13	-1.45	-0.39
16800	-0.02	-0.39	0.67	-31	5	-982	11.13	-1.45	-0.39
17000	0.33	0.15	0.79	-30	6	-981	11.27	-1.45	-0.37
17000	0.33	0.15	0.79	-30	6	-981	11.27	-1.45	-0.37
17200	-0.37	0.00	1.00	-31	6	-983	11.40	-1.40	-0.40
17200	-0.37	0.00	1.00	-31	6	-983	11.40	-1.40	-0.40
17400	-0.08	-0.25	0.90	-29	4	-979	11.55	-1.42	-0.38
17400	-0.08	-0.25	0.90	-29	4	-979	11.55	-1.42	-0.38
17600	0.03	-0.33	0.67	-30	6	-980	11.67	-1.41	-0.39
17600	0.03	-0.33	0.67	-30	6	-980	11.67	-1.41	-0.39
17801	0.11	0.20	0.14	-31	5	-981	11.76	-1.40	-0.40
17801	0.11	0.20	0.14	-31	5	-981	11.76	-1.40	-0.40
18001	-0.14	0.15	0.66	-31	4	-982	11.86	-1.38	-0.39
18001	-0.14	0.15	0.66	-31	4	-982	11.86	-1.38	-0.39
18200	-0.02	0.09	0.61	-31	6	-983	12.00	-1.39	-0.40
18200	-0.02	0.09	0.61	-31	6	-983	12.00	-1.39	-0.40
18400	0.09	-0.33	0.85	-29	5	-981	12.12	-1.36	-0.40
18400	0.09	-0.33	0.85	-29	5	-981	12.12	-1.36	-0.40
18600	-0.14	0.66	1.09	-29	4	-983	12.26	-1.36	-0.39
18600	-0.14	0.66	1.09	-29	4	-983	12.26	-1.36	-0.39
18800	-0.02	-0.13	0.85	-29	4	-982	12.36	-1.36	-0.39
18800	-0.02	-0.13	0.85	-29	4	-982	12.36	-1.36	-0.39
19000	0.09	-0.57	0.79	-31	5	-981	12.52	-1.42	-0.35
19000	0.09	-0.57	0.79	-31	5	-981	12.52	-1.42	-0.35
19200	-0.02	-0.26	0.32	-28	4	-981	12.64	-1.43	-0.34
19200	-0.02	-0.26	0.32	-28	4	-981	12.64	-1.43	-0.34
19400	-0.14	-0.39	0.73	-30	3	-983	12.78	-1.50	-0.34
19400	-0.14	-0.39	0.73	-30	3	-983	12.78	-1.50	-0.34
19600	0.21	-0.32	1.03	-31	6	-984	12.94	-1.55	-0.35
19600	0.21	-0.32	1.03	-31	6	-984	12.94	-1.55	-0.35
19800	0.15	-0.09	0.56	-31	5	-984	13.07	-1.54	-0.34
19800	0.15	-0.09	0.56	-31	5	-984	13.07	-1.54	-0.34
20000	-0.02	0.15	0.97	-28	6	-984	13.20	-1.56	-0.34
20000	-0.02	0.15	0.97	-28	6	-984	13.20	-1.56	-0.34
20200	-0.08	-0.14	0.79	-30	4	-982	13.34	-1.61	-0.35
20200	-0.08	-0.14	0.79	-30	4	-982	13.34	-1.61	-0.35
20400	0.03	0.20	0.73	-30	4	-981	13.46	-1.57	-0.34
20400	0.03	0.20	0.73	-30	4	-981	13.46	-1.57	-0.34
20600	-0.55	0.09	0.64	-29	3	-979	13.59	-1.55	-0.35
20600	-0.55	0.09	0.64	-29	3	-979	13.59	-1.55	-0.35
20801	-0.08	0.26	0.44	-31	5	-981	13.72	-1.54	-0.40
20801	-0.08	0.26	0.44	-31	5	-981	13.72	-1.54	-0.40
21001	-0.02	-0.03	0.44	-32	6	-981	13.86	-1.56	-0.40
21001	-0.02	-0.03	0.44	-32	6	-981	13.86	-1.56	-0.40
21200	-0.08	-0.32	0.85	-31	5	-982	13.99	-1.55	-0.41
21200	-0.08	-0.32	0.85	-31	5	-982	13.99	-1.55	-0.41
21400	0.33	-0.15	0.61	-31	5	-983	14.11	-1.58	-0.42
21400	0.33	-0.15	0.61	-31	5	-983	14.11	-1.58	-0.42
21600	-0.31	0.20	0.71	-31	3	-982	14.28	-1.62	-0.41
21600	-0.31	0.20	0.71	-31	3	-982	14.28	-1.62	-0.41
21800	-0.02	0.20	0.61	-29	5	-983	14.44	-1.63	-0.39
21800	-0.02	0.20	0.61	-29	5	-983	14.44	-1.63	-0.39
22000	0.03	0.44	0.32	-30	4	-984	14.56	-1.62	-0.40
22000	0.03	0.44	0.32	-30	4	-984	14.56	-1.62	-0.40
22200	-0.02	-0.40	0.44	-29	3	-982	14.69	-1.65	-0.38
22200	-0.02	-0.40	0.44	-29	3	-982	14.69	-1.65	-0.38
22400	0.27	0.14	0.67	-30	3	-981	14.79	-1.65	-0.37
22400	0.27	0.14	0.67	-30	3	-981	14.79	-1.65	-0.37
22600	0.09	-0.03	0.44	-30	4	-979	14.91	-1.61	-0.36
22600	0.09	-0.03	0.44	-30	4	-979	14.91	-1.61	-0.36
22800	0.15	-0.02	1.15	-29	6	-981	15.04	-1.61	-0.36
22800	0.15	-0.02	1.15	-29	6	-981	15.04	-1.61	-0.36
23000	-0.01	-0.27	0.44	-30	3	-982	15.18	-1.66	-0.33
23000	-0.01	-0.27	0.44	-30	3	-982	15.18	-1.66	-0.33
23200	0.28	-0.21	0.73	-31	4	-984	15.30	-1.65	-0.31
23200	0.28	-0.21	0.73	-31	4	-984	15.30	-1.65	-0.31
23400	-0.13	0.14	0.38	-30	5	-984	15.41	-1.62	-0.30
23400	-0.13	0.14	0.38	-30	5	-984	15.41	-1.62	-0.30
23600	-0.13	-0.46	0.32	-30	4	-983	15.54	-1.64	-0.27
23600	-0.13	-0.46	0.32	-30	4	-983	15.54	-1.64	-0.27
23800	0.04	0.02	0.97	-29	2	-981	15.68	-1.63	-0.29
23800	0.04	0.02	0.97	-29	2	-981	15.68	-1.63	-0.29
24000	0.34	0.50	0.79	-31	4	-980	15.79	-1.67	-0.27
24000	0.34	0.50	0.79	-31	4	-980	15.79	-1.67	-0.27
24200	-0.13	-0.15	0.49	-31	5	-980	15.91	-1.68	-0.26
24200	-0.13	-0.15	0.49	-31	5	-980	15.91	-1.68	-0.26
24400	0.11	-0.11	0.14	-31	6	-981	16.04	-1.68	-0.27
24400	0.11	-0.11	0.14	-31	6	-981	16.04	-1.68	-0.27
24601	-0.36	0.14	0.47	-29	6	-982	16.17	-1.71	-0.27
24601	-0.36	0.14	0.47	-29	6	-982	16.17	-1.71	-0.27
24801	0.16	0.09	1.15	-28	3	-983	16.30	-1.69	-0.27
24801	0.16	0.09	1.15	-28	3	-983	16.30	-1.69	-0.27
25001	0.10	-0.10	0.61	-31	4	-983	16.42	-1.68	-0.27
25001	0.10	-0.10	0.61	-31	4	-983	16.42	-1.68	-0.27
25200	0.10	-0.16	0.73	-31	4	-983	16.57	-1.72	-0.24
25200	0.10	-0.16	0.73	-31	4	-983	16.57	-1.72	-0.24
25400	-0.06	0.24	0.14	-30	5	-982	16.66	-1.68	-0.24
25400	-0.06	0.24	0.14	-30	5	-982	16.66	-1.68	-0.24
25600	-0.13	-0.21	0.73	-31	6	-983	16.78	-1.68	-0.27
25600	-0.13	-0.21	0.73	-31	6	-983	16.78	-1.68	-0.27
25800	-0.31	-0.64	0.71	-29	6	-981	16.91	-1.69	-0.28
25800	-0.31	-0.64	0.71	-29	6	-981	16.91	-1.69	-0.28
26000	0.04	-0.22	0.67	-31	5	-980	17.06	-1.70	-0.30
26000	0.04	-0.22	0.67	-31	5	-980	17.06	-1.70	-0.30
26200	-0.13	-0.16	0.72	-31	3	-982	17.17	-1.71	-0.30
26200	-0.13	-0.16	0.72	-31	3	-982	17.17	-1.71	-0.30
26400	0.28	-0.10	0.55	-31	5	-983	17.30	-1.71	-0.30
26400	0.28	-0.10	0.55	-31	5	-983	17.30	-1.71	-0.30
26600	0.04	0.19	0.32	-30	4	-984	17.42	-1.68	-0.30
26600	0.04	0.19	0.32	-30	4	-984	17.42	-1.68	-0.30
26800	-0.07	-0.08	0.85	-31	5	-981	17.56	-1.67	-0.30
26800	-0.07	-0.08	0.85	-31	5	-981	17.56	-1.67	-0.30
27000	-0.17	0.05	-0.09	-31	5	-982	17.64	-1.70	-0.32
27000	-0.17	0.05	-0.09	-31	5	-982	17.64	-1.70	-0.32
27200	-0.31	-0.20	0.83	-30	5	-981	17.77	-1.75	-0.35
27200	-0.31	-0.20	0.83	-30	5	-981	17.77	-1.75	-0.35
27400	-0.36	0.51	0.82	-31	6	-980	17.90	-1.71	-0.37
27400	-0.36	0.51	0.82	-31	6	-980	17.90	-1.71	-0.37
27600	0.04	0.75	1.03	-29	5	-979	18.04	-1.70	-0.40
27600	0.04	0.75	1.03	-29	5	-979	18.04	-1.70	-0.40
27800	-0.07	-0.51	0.96	-29	5	-983	18.18	-1.72	-0.37
27800	-0.07	-0.51	0.96	-29	5	-983	18.18	-1.72	-0.37
28000	0.28	-0.46	0.73	-30	6	-982	18.29	-1.75	-0.36
28000	0.28	-0.46	0.73	-30	6	-982	18.29	-1.75	-0.36
28200	-0.54	-1.07	0.35	-31	5	-983	18.41	-1.77	-0.36
28200	-0.54	-1.07	0.35	-31	5	-983	18.41	-1.77	-0.36
28400	-0.31	0.19	0.53	-32	4	-983	18.53	-1.78	-0.36
28400	-0.31	0.19	0.53	-32	4	-983	18.53	-1.78	-0.36
28600	-0.01	0.40	1.03	-30	2	-983	18.67	-1.80	-0.36
28600	-0.01	0.40	1.03	-30	2	-983	18.67	-1.80	-0.36
28800	0.22	0.27	0.44	-31	5	-980	18.80	-1.82	-0.33
28800	0.22	0.27	0.44	-31	5	-980	18.80	-1.82	-0.33
29001	-0.07	0.64	0.91	-31	4	-982	18.93	-1.81	-0.31
29001	-0.07	0.64	0.91	-31	4	-982	18.93	-1.81	-0.31
29200	0.34	-0.19	0.44	-31	4	-981	19.07	-1.78	-0.30
29200	0.34	-0.19	0.44	-31	4	-981	19.07	-1.78	-0.30
29400	0.28	-0.24	1.27	-30	6	-980	19.20	-1.79	-0.30
29400	0.28	-0.24	1.27	-30	6	-980	19.20	-1.79	-0.30
29600	-0.19	-0.07	0.49	-30	6	-981	19.32	-1.79	-0.31
29600	-0.19	-0.07	0.49	-30	6	-981	19.32	-1.79	-0.31
29800	-0.25	-0.08	0.42	-31	4	-982	19.47	-1.76	-0.30
29800	-0.25	-0.08	0.42	-31	4	-982	19.47	-1.76	-0.30
30000	-0.13	0.00	1.15	-30	5	-982	19.62	-1.78	-0.34
30000	-0.13	0.00	1.15	-30	5	-982	19.62	-1.78	-0.34
30200	-0.25	-0.07	0.78	-29	4	-984	19.73	-1.81	-0.35
30200	-0.25	-0.07	0.78	-29	4	-984	19.73	-1.81	-0.35
30400	-0.19	0.16	0.61	-32	5	-982	19.87	-1.79	-0.37
30400	-0.19	0.16	0.61	-32	5	-982	19.87	-1.79	-0.37
30600	-0.01	0.22	0.61	-31	4	-982	19.99	-1.80	-0.38
30600	-0.01	0.22	0.61	-31	4	-982	19.99	-1.80	-0.38
30800	-0.31	-0.01	0.59	-31	5	-980	20.12	-1.85	-0.35
30800	-0.31	-0.01	0.59	-31	5	-980	20.12	-1.85	-0.35
31000	-0.13	-0.74	0.36	-30	5	-982	20.24	-1.92	-0.35
31000	-0.13	-0.74	0.36	-30	5	-982	20.24	-1.92	-0.35
31200	0.22	0.28	0.38	-31	4	-982	20.34	-1.91	-0.35
31200	0.22	0.28	0.38	-31	4	-982	20.34	-1.91	-0.35
31400	0.06	1.01	0.32	-30	5	-983	20.46	-1.87	-0.35
31400	0.06	1.01	0.32	-30	5	-983	20.46	-1.87	-0.35
31600	-0.01	0.35	0.50	-32	5	-982	20.58	-1.87	-0.36
31600	-0.01	0.35	0.50	-32	5	-982	20.58	-1.87	-0.36
31800	-0.19	-0.19	0.61	-30	1	-984	20.70	-1.91	-0.35
31800	-0.19	-0.19	0.61	-30	1	-984	20.70	-1.91	-0.35
32000	0.18	-0.03	0.08	-31	5	-982	20.81	-1.92	-0.35
32000	0.18	-0.03	0.08	-31	5	-982	20.81	-1.92	-0.35
32200	0.04	-0.32	0.85	-31	6	-983	20.96	-1.95	-0.34
32200	0.04	-0.32	0.85	-31	6	-983	20.96	-1.95	-0.34
32400	0.10	-0.13	0.61	-29	4	-980	21.07	-1.96	-0.34
32400	0.10	-0.13	0.61	-29	4	-980	21.07	-1.96	-0.34
32600	-0.13	0.04	0.38	-30	5	-980	21.18	-1.94	-0.36
32600	-0.13	0.04	0.38	-30	5	-980	21.18	-1.94	-0.36
32800	0.16	-0.62	0.50	-30	4	-981	21.31	-1.96	-0.36
32800	0.16	-0.62	0.50	-30	4	-981	21.31	-1.96	-0.36
33000	-0.13	-0.73	0.71	-31	5	-979	21.41	-1.99	-0.37
33000	-0.13	-0.73	0.71	-31	5	-979	21.41	-1.99	-0.37
33200	0.04	-0.56	0.19	-31	5	-984	21.47	-1.99	-0.39
33200	0.04	-0.56	0.19	-31	5	-984	21.47	-1.99	-0.39
33400	-0.13	-0.49	0.43	-31	5	-984	21.59	-1.97	-0.39
33400	-0.13	-0.49	0.43	-31	5	-984	21.59	-1.97	-0.39
33600	-0.31	-0.01	0.36	-31	4	-983	21.70	-1.99	-0.41
33600	-0.31	-0.01	0.36	-31	4	-983	21.70	-1.99	-0.41
33800	-0.06	0.46	0.31	-30	5	-983	21.82	-1.99	-0.41
33800	-0.06	0.46	0.31	-30	5	-983	21.82	-1.99	-0.41
34000	-0.36	-0.31	0.41	-30	4	-982	21.90	-1.98	-0.43
34000	-0.36	-0.31	0.41	-30	4	-982	21.90	-1.98	-0.43
34200	0.04	0.23	0.61	-31	4	-982	22.00	-1.97	-0.43
34200	0.04	0.23	0.61	-31	4	-982	22.00	-1.97	-0.43
34400	0.10	-0.13	0.44	-31	4	-981	22.11	-1.95	-0.45
34400	0.10	-0.13	0.44	-31	4	-981	22.11	-1.95	-0.45
34601	-0.36	-0.49	0.46	-30	5	-981	22.23	-1.92	-0.44
34601	-0.36	-0.49	0.46	-30	5	-981	22.23	-1.92	-0.44
34801	-0.31	0.00	0.77	-29	2	-984	22.36	-1.94	-0.49
34801	-0.31	0.00	0.77	-29	2	-984	22.36	-1.94	-0.49
35001	0.04	0.26	1.38	-31	3	-983	22.49	-1.92	-0.49
35001	0.04	0.26	1.38	-31	3	-983	22.49	-1.92	-0.49
35200	0.10	-0.11	1.04	-30	5	-983	22.62	-1.94	-0.49
35200	0.10	-0.11	1.04	-30	5	-983	22.62	-1.94	-0.49
35400	0.28	-0.07	0.74	-31	5	-983	22.74	-1.96	-0.50
35400	0.28	-0.07	0.74	-31	5	-983	22.74	-1.96	-0.50
35600	-0.13	0.50	1.14	-30	2	-982	22.87	-1.94	-0.50
35600	-0.13	0.50	1.14	-30	2	-982	22.87	-1.94	-0.50
35800	0.34	0.30	1.04	-30	4	-981	23.01	-1.96	-0.46
35800	0.34	0.30	1.04	-30	4	-981	23.01	-1.96	-0.46
36000	-0.07	-0.18	0.27	-29	6	-982	23.12	-1.94	-0.45
36000	-0.07	-0.18	0.27	-29	6	-982	23.12	-1.94	-0.45
36200	0.10	0.48	0.87	-31	6	-981	23.27	-1.92	-0.41
36200	0.10	0.48	0.87	-31	6	-981	23.27	-1.92	-0.41
36400	-0.13	0.59	0.51	-29	5	-981	23.38	-1.87	-0.41
36400	-0.13	0.59	0.51	-29	5	-981	23.38	-1.87	-0.41
36600	-0.07	0.00	0.86	-31	5	-984	23.53	-1.84	-0.40
36600	-0.07	0.00	0.86	-31	5	-984	23.53	-1.84	-0.40
36800	-0.36	-0.18	0.37	-31	6	-984	23.62	-1.86	-0.44
36800	-0.36	-0.18	0.37	-31	6	-984	23.62	-1.86	-0.44
37000	0.04	-0.06	0.52	-31	3	-984	23.74	-1.87	-0.44
37000	0.04	-0.06	0.52	-31	3	-984	23.74	-1.87	-0.44
37200	-0.25	-0.72	0.87	-32	2	-981	23.86	-1.91	-0.42
37200	-0.25	-0.72	0.87	-32	2	-981	23.86	-1.91	-0.42
37400	0.34	0.05	0.40	-30	5	-982	24.01	-1.89	-0.43
37400	0.34	0.05	0.40	-30	5	-982	24.01	-1.89	-0.43
37600	-0.18	0.35	0.22	-29	3	-979	24.14	-1.89	-0.45
37600	-0.18	0.35	0.22	-29	3	-979	24.14	-1.89	-0.45
37800	-0.30	-0.37	0.33	-28	3	-981	-164.00	-1.84	-0.43
37800	-0.30	-0.37	0.33	-28	3	-981	-164.00	-1.84	-0.43
38000	-0.01	0.05	0.60	-28	6	-981	-163.86	-1.85	-0.42
38000	-0.01	0.05	0.60	-28	6	-981	-163.86	-1.85	-0.42
38200	0.22	0.23	0.42	-29	3	-982	-162.09	-1.81	-0.44
38200	0.22	0.23	0.42	-29	3	-982	-162.09	-1.81	-0.44
38400	-0.01	-0.24	0.60	-31	2	-983	-160.26	-1.79	-0.45
38400	-0.01	-0.24	0.60	-31	2	-983	-160.26	-1.79	-0.45
38600	-0.24	0.11	0.47	-31	3	-982	-159.79	-1.77	-0.45
38600	-0.24	0.11	0.47	-31	3	-982	-159.79	-1.77	-0.45
38800	0.04	0.00	0.66	-31	5	-983	-159.45	-1.77	-0.46
38800	0.04	0.00	0.66	-31	5	-983	-159.45	-1.77	-0.46
39000	0.22	-0.18	0.83	-30	5	-983	-159.47	-1.80	-0.43
39000	0.22	-0.18	0.83	-30	5	-983	-159.47	-1.80	-0.43
39200	0.16	-0.06	0.66	-31	5	-983	-159.42	-1.82	-0.43
39200	0.16	-0.06	0.66	-31	5	-983	-159.42	-1.82	-0.43
39400	0.04	-0.11	0.72	-30	4	-979	-159.39	-1.82	-0.43
39400	0.04	-0.11	0.72	-30	4	-979	-159.39	-1.82	-0.43
39600	-0.01	0.12	0.72	-30	5	-980	-159.32	-1.84	-0.43
39600	-0.01	0.12	0.72	-30	5	-980	-159.32	-1.84	-0.43
39800	-0.19	-0.12	0.59	-29	5	-981	-159.29	-1.86	-0.42
39800	-0.19	-0.12	0.59	-29	5	-981	-159.29	-1.86	-0.42
40000	0.10	0.53	0.60	-31	6	-984	-159.24	-1.85	-0.43
40000	0.10	0.53	0.60	-31	6	-984	-159.24	-1.85	-0.43
40200	0.16	-0.24	0.83	-32	4	-983	-159.21	-1.86	-0.44
40200	0.16	-0.24	0.83	-32	4	-983	-159.21	-1.86	-0.44
40400	-0.30	-0.23	0.63	-30	6	-984	-159.13	-1.85	-0.44
40400	-0.30	-0.23	0.63	-30	6	-984	-159.13	-1.85	-0.44
40600	-0.12	-0.12	0.64	-30	5	-982	-159.12	-1.88	-0.45
40600	-0.12	-0.12	0.64	-30	5	-982	-159.12	-1.88	-0.45
40800	-0.13	-0.12	0.83	-30	4	-982	-159.09	-1.88	-0.47
40800	-0.13	-0.12	0.83	-30	4	-982	-159.09	-1.88	-0.47
41000	0.10	-0.18	0.30	-30	4	-980	-159.05	-1.87	-0.44
41000	0.10	-0.18	0.30	-30	4	-980	-159.05	-1.87	-0.44
41200	0.04	0.23	0.48	-29	2	-981	-158.95	-1.85	-0.45
41200	0.04	0.23	0.48	-29	2	-981	-158.95	-1.85	-0.45
41400	-0.01	0.05	0.71	-31	5	-981	-158.93	-1.79	-0.45
41400	-0.01	0.05	0.71	-31	5	-981	-158.93	-1.79	-0.45
41600	0.10	-0.55	0.48	-28	4	-983	-158.86	-1.84	-0.45
41600	0.10	-0.55	0.48	-28	4	-983	-158.86	-1.84	-0.45
41800	-0.24	-0.12	0.52	-31	5	-984	-158.86	-1.83	-0.47
41800	-0.24	-0.12	0.52	-31	5	-984	-158.86	-1.83	-0.47
42000	-0.01	-0.79	0.52	-30	3	-984	-158.82	-1.85	-0.44
42000	-0.01	-0.79	0.52	-30	3	-984	-158.82	-1.85	-0.44
42201	-0.24	0.00	0.76	-30	5	-984	-158.79	-1.84	-0.43
42201	-0.24	0.00	0.76	-30	5	-984	-158.79	-1.84	-0.43
42401	-0.07	0.08	1.01	-31	3	-981	-158.73	-1.83	-0.45
42401	-0.07	0.08	1.01	-31	3	-981	-158.73	-1.83	-0.45
42601	0.22	0.49	0.72	-30	4	-980	-158.69	-1.81	-0.44
42601	0.22	0.49	0.72	-30	4	-980	-158.69	-1.81	-0.44
42801	-0.13	0.00	0.60	-31	4	-980	-158.64	-1.83	-0.45
42801	-0.13	0.00	0.60	-31	4	-980	-158.64	-1.83	-0.45
43001	-0.07	0.02	0.83	-28	4	-979	-158.63	-1.80	-0.42
43001	-0.07	0.02	0.83	-28	4	-979	-158.63	-1.80	-0.42
43200	0.22	-0.61	0.71	-31	4	-982	-158.59	-1.81	-0.43
43200	0.22	-0.61	0.71	-31	4	-982	-158.59	-1.81	-0.43
43400	0.16	-0.29	0.89	-31	3	-983	-158.59	-1.86	-0.44
43400	0.16	-0.29	0.89	-31	3	-983	-158.59	-1.86	-0.44
43600	-0.36	-0.04	0.86	-31	3	-981	-158.52	-1.85	-0.45
43600	-0.36	-0.04	0.86	-31	3	-981	-158.52	-1.85	-0.45
43800	0.04	-0.17	0.77	-32	2	-983	-158.51	-1.87	-0.46
43800	0.04	-0.17	0.77	-32	2	-983	-158.51	-1.87	-0.46
44000	0.07	0.20	-7.52	-27	-38	-985	-158.64	-1.87	-0.44
44000	0.07	0.20	-7.52	-27	-38	-985	-158.64	-1.87	-0.44
44200	1.34	-0.17	2.79	-36	6	-984	-159.25	-1.98	-0.11
44200	1.34	-0.17	2.79	-36	6	-984	-159.25	-1.98	-0.11
44400	50.32	-0.05	0.81	-31	-137	-965	-156.63	-1.98	7.55
44400	50.32	-0.05	0.81	-31	-137	-965	-156.63	-1.98	7.55
44600	57.73	-0.07	0.75	-30	-299	-930	-156.70	-2.02	17.96
44600	57.73	-0.07	0.75	-30	-299	-930	-156.70	-2.02	17.96
44800	57.20	-1.66	0.24	-32	-532	-819	-156.68	-2.14	32.68
44800	57.20	-1.66	0.24	-32	-532	-819	-156.68	-2.14	32.68
45000	64.61	-0.31	0.46	-33	-752	-631	-156.56	-2.29	49.04
45000	64.61	-0.31	0.46	-33	-752	-631	-156.56	-2.29	49.04
45200	62.50	0.00	0.22	-35	-872	-448	-155.99	-2.42	62.06
45200	62.50	0.00	0.22	-35	-872	-448	-155.99	-2.42	62.06
45400	44.17	-0.60	0.70	-32	-910	-351	-153.86	-2.51	68.95
45400	44.17	-0.60	0.70	-32	-910	-351	-153.86	-2.51	68.95
45600	38.07	2.91	1.25	-34	-984	-169	-153.61	-2.61	77.73
45600	38.07	2.91	1.25	-34	-984	-169	-153.61	-2.61	77.73
45800	84.42	-0.39	0.26	-33	-967	-114	-153.10	-2.72	83.33
45800	84.42	-0.39	0.26	-33	-967	-114	-153.10	-2.72	83.33
46000	19.59	0.38	0.30	-30	-981	-19	-152.79	-2.79	88.12
46000	19.59	0.38	0.30	-30	-981	-19	-152.79	-2.79	88.12
46200	0.15	-0.15	0.30	-31	-987	22	-153.13	-2.85	90.28
46200	0.15	-0.15	0.30	-31	-987	22	-153.13	-2.85	90.28
46400	0.27	0.39	0.89	-31	-988	21	-153.51	-2.96	90.30
46400	0.27	0.39	0.89	-31	-988	21	-153.51	-2.96	90.30
46600	0.27	0.70	0.77	-29	-989	22	-154.16	-3.07	90.38
46600	0.27	0.70	0.77	-29	-989	22	-154.16	-3.07	90.38
46800	-0.08	0.46	0.70	-31	-989	21	-154.60	-3.19	90.41
46800	-0.08	0.46	0.70	-31	-989	21	-154.60	-3.19	90.41
47000	-0.08	0.55	0.30	-30	-992	20	-155.21	-3.26	90.46
47000	-0.08	0.55	0.30	-30	-992	20	-155.21	-3.26	90.46
47200	0.27	-0.23	0.53	-31	-992	21	-155.57	-3.38	90.51
47200	0.27	-0.23	0.53	-31	-992	21	-155.57	-3.38	90.51
47400	-0.08	0.62	0.59	-29	-992	22	-156.14	-3.46	90.53
47400	-0.08	0.62	0.59	-29	-992	22	-156.14	-3.46	90.53
47600	0.45	0.62	0.82	-30	-988	23	-156.43	-3.60	90.54
47600	0.45	0.62	0.82	-30	-988	23	-156.43	-3.60	90.54
47800	0.21	-0.15	1.06	-32	-987	23	-156.92	-3.71	90.60
47800	0.21	-0.15	1.06	-32	-987	23	-156.92	-3.71	90.60
48000	0.15	0.11	0.59	-30	-986	23	-157.25	-3.84	90.61
48000	0.15	0.11	0.59	-30	-986	23	-157.25	-3.84	90.61
48200	-0.02	-0.11	0.53	-30	-989	21	-157.67	-3.92	90.63
48200	-0.02	-0.11	0.53	-30	-989	21	-157.67	-3.92	90.63
48400	-0.13	0.01	0.70	-31	-988	24	-157.95	-4.03	90.62
48400	-0.13	0.01	0.70	-31	-988	24	-157.95	-4.03	90.62
48600	-7.68	-0.26	0.78	-31	-997	25	-158.38	-4.10	90.45
48600	-7.68	-0.26	0.78	-31	-997	25	-158.38	-4.10	90.45
48800	-20.11	-0.04	1.09	-33	-990	-35	-158.60	-4.28	87.15
48800	-20.11	-0.04	1.09	-33	-990	-35	-158.60	-4.28	87.15
49000	-54.23	-0.37	0.36	-34	-971	-145	-159.37	-4.41	80.76
49000	-54.23	-0.37	0.36	-34	-971	-145	-159.37	-4.41	80.76
49200	-53.17	0.37	1.41	-34	-943	-293	-159.50	-4.56	71.55
49200	-53.17	0.37	1.41	-34	-943	-293	-159.50	-4.56	71.55
49400	-37.02	0.17	0.54	-34	-859	-472	-159.53	-4.61	60.49
49400	-37.02	0.17	0.54	-34	-859	-472	-159.53	-4.61	60.49
49600	-13.69	0.18	0.22	-36	-774	-603	-159.33	-4.69	51.86
49600	-13.69	0.18	0.22	-36	-774	-603	-159.33	-4.69	51.86
49800	-27.42	0.04	0.37	-34	-692	-687	-158.73	-4.68	45.21
49800	-27.42	0.04	0.37	-34	-692	-687	-158.73	-4.68	45.21
50000	-43.86	0.41	0.65	-33	-625	-753	-158.15	-4.76	38.97
50000	-43.86	0.41	0.65	-33	-625	-753	-158.15	-4.76	38.97
50200	-47.28	0.64	0.59	-34	-503	-840	-157.30	-4.71	30.19
50200	-47.28	0.64	0.59	-34	-503	-840	-157.30	-4.71	30.19
50400	-38.66	0.00	0.50	-32	-368	-906	-156.52	-4.69	21.93
50400	-38.66	0.00	0.50	-32	-368	-906	-156.52	-4.69	21.93
50600	-28.11	-0.51	0.14	-30	-263	-945	-155.55	-4.63	15.60
50600	-28.11	-0.51	0.14	-30	-263	-945	-155.55	-4.63	15.60
50800	-33.37	-0.55	-3.08	-29	-157	-970	-155.69	-4.56	9.30
50800	-33.37	-0.55	-3.08	-29	-157	-970	-155.69	-4.56	9.30
51000	-31.75	-0.62	-9.82	-32	-74	-980	-155.96	-4.55	3.52
51000	-31.75	-0.62	-9.82	-32	-74	-980	-155.96	-4.55	3.52
51200	-0.88	0.01	0.57	-32	0	-984	-155.51	-4.61	0.43
51200	-0.88	0.01	0.57	-32	0	-984	-155.51	-4.61	0.43
51400	-0.34	0.06	0.58	-32	0	-982	-155.07	-4.52	0.32
51400	-0.34	0.06	0.58	-32	0	-982	-155.07	-4.52	0.32
51600	0.13	0.16	-0.15	-37	2	-982	-155.05	-4.45	0.10
51600	0.13	0.16	-0.15	-37	2	-982	-155.05	-4.45	0.10
51800	-0.40	0.30	0.58	-30	4	-982	-154.98	-4.35	0.02
51800	-0.40	0.30	0.58	-30	4	-982	-154.98	-4.35	0.02
52000	0.12	-0.23	0.42	-30	4	-981	-154.96	-4.40	0.03
52000	0.12	-0.23	0.42	-30	4	-981	-154.96	-4.40	0.03
52200	-0.33	0.49	5.50	-19	-15	-981	-154.77	-4.30	0.00
52200	-0.33	0.49	5.50	-19	-15	-981	-154.77	-4.30	0.00
52400	0.30	-0.40	1.08	-29	5	-983	-154.67	-4.27	-0.02
52400	0.30	-0.40	1.08	-29	5	-983	-154.67	-4.27	-0.02
52600	0.60	0.19	0.49	-31	6	-982	-154.57	-4.19	0.00
52600	0.60	0.19	0.49	-31	6	-982	-154.57	-4.19	0.00
52800	-0.11	-0.59	0.53	-31	4	-984	-154.43	-4.22	-0.03
52800	-0.11	-0.59	0.53	-31	4	-984	-154.43	-4.22	-0.03
53000	-0.46	0.19	0.28	-30	5	-980	-154.34	-4.17	-0.08
53000	-0.46	0.19	0.28	-30	5	-980	-154.34	-4.17	-0.08
53200	-0.33	0.18	0.16	-27	2	-980	-154.27	-4.18	-0.09
53200	-0.33	0.18	0.16	-27	2	-980	-154.27	-4.18	-0.09
53400	0.39	-0.31	-1.57	-29	5	-980	-154.48	-4.15	-0.08
53400	0.39	-0.31	-1.57	-29	5	-980	-154.48	-4.15	-0.08
53600	1.33	-17.98	0.64	-60	0	-966	-154.72	-5.38	0.00
53600	1.33	-17.98	0.64	-60	0	-966	-154.72	-5.38	0.00
53800	0.19	-39.87	1.11	-134	-1	-981	-154.91	-10.57	0.18
53800	0.19	-39.87	1.11	-134	-1	-981	-154.91	-10.57	0.18
54000	-0.05	-21.62	1.67	-265	0	-944	-154.69	-17.51	0.13
54000	-0.05	-21.62	1.67	-265	0	-944	-154.69	-17.51	0.13
54201	-0.14	-24.96	3.68	-349	2	-922	-154.27	-22.91	-0.02
54201	-0.14	-24.96	3.68	-349	2	-922	-154.27	-22.91	-0.02
54401	1.78	-27.09	4.19	-439	5	-879	-152.13	-28.17	-0.24
54401	1.78	-27.09	4.19	-439	5	-879	-152.13	-28.17	-0.24
54601	3.22	-16.52	7.18	-477	14	-877	-150.89	-31.27	-0.37
54601	3.22	-16.52	7.18	-477	14	-877	-150.89	-31.27	-0.37
54801	0.54	-27.33	2.05	-574	7	-806	-150.14	-37.02	-0.56
54801	0.54	-27.33	2.05	-574	7	-806	-150.14	-37.02	-0.56
55001	2.81	-31.96	4.56	-687	6	-718	-148.97	-45.19	-0.89
55001	2.81	-31.96	4.56	-687	6	-718	-148.97	-45.19	-0.89
55200	5.12	-30.92	5.67	-777	-3	-633	-147.86	-52.01	-1.38
55200	5.12	-30.92	5.67	-777	-3	-633	-147.86	-52.01	-1.38
55400	11.61	-23.89	11.58	-814	10	-596	-145.85	-56.70	-1.96
55400	11.61	-23.89	11.58	-814	10	-596	-145.85	-56.70	-1.96
55600	-0.41	-12.00	0.43	-869	5	-515	-144.54	-60.96	-2.49
55600	-0.41	-12.00	0.43	-869	5	-515	-144.54	-60.96	-2.49
55800	-1.36	-32.87	0.62	-922	9	-420	-143.10	-68.11	-3.82
55800	-1.36	-32.87	0.62	-922	9	-420	-143.10	-68.11	-3.82
56000	11.28	-42.57	6.36	-918	105	-449	-142.51	-74.91	-5.82
56000	11.28	-42.57	6.36	-918	105	-449	-142.51	-74.91	-5.82
56200	-0.02	-27.20	0.95	-995	11	-211	-138.62	-80.36	-9.92
56200	-0.02	-27.20	0.95	-995	11	-211	-138.62	-80.36	-9.92
56400	0.11	-24.81	0.60	-1009	11	-129	-126.24	-85.17	-22.42
56400	0.11	-24.81	0.60	-1009	11	-129	-126.24	-85.17	-22.42
56600	-0.44	-17.35	0.54	-1018	11	-48	-72.69	-87.94	-76.70
56600	-0.44	-17.35	0.54	-1018	11	-48	-72.69	-87.94	-76.70
56800	-2.63	-9.76	0.28	-1025	11	-8	-17.57	-87.16	-132.83
56800	-2.63	-9.76	0.28	-1025	11	-8	-17.57	-87.16	-132.83
57000	-0.87	-7.21	-2.41	-1018	12	10	-0.10	-86.03	-151.95
57000	-0.87	-7.21	-2.41	-1018	12	10	-0.10	-86.03	-151.95
57200	0.09	-0.09	0.57	-1024	3	19	0.86	-85.76	-154.25
57200	0.09	-0.09	0.57	-1024	3	19	0.86	-85.76	-154.25
57400	-0.08	-0.09	0.69	-1023	4	21	-2.57	-85.70	-152.63
57400	-0.08	-0.09	0.69	-1023	4	21	-2.57	-85.70	-152.63
57600	0.93	0.28	1.11	-1023	20	29	-5.04	-85.63	-151.23
57600	0.93	0.28	1.11	-1023	20	29	-5.04	-85.63	-151.23
57800	-1.52	0.01	1.01	-1022	-19	22	-7.86	-85.62	-150.29
57800	-1.52	0.01	1.01	-1022	-19	22	-7.86	-85.62	-150.29
58000	-0.08	-0.39	0.44	-1021	3	21	-9.49	-85.56	-149.48
58000	-0.08	-0.39	0.44	-1021	3	21	-9.49	-85.56	-149.48
58200	0.13	0.26	0.69	-1020	5	20	-11.58	-85.58	-148.39
58200	0.13	0.26	0.69	-1020	5	20	-11.58	-85.58	-148.39
58400	0.26	0.20	0.39	-1020	4	22	-13.65	-85.52	-146.83
58400	0.26	0.20	0.39	-1020	4	22	-13.65	-85.52	-146.83
58600	-0.03	-0.01	0.75	-1022	4	20	-15.62	-85.50	-145.56
58600	-0.03	-0.01	0.75	-1022	4	20	-15.62	-85.50	-145.56
58800	0.02	0.42	1.04	-1022	5	21	-17.22	-85.41	-144.42
58800	0.02	0.42	1.04	-1022	5	21	-17.22	-85.41	-144.42
59000	0.26	0.10	0.92	-1023	3	21	-19.10	-85.40	-143.07
59000	0.26	0.10	0.92	-1023	3	21	-19.10	-85.40	-143.07
59200	-0.44	-0.32	0.60	-1021	4	22	-20.59	-85.35	-141.98
59200	-0.44	-0.32	0.60	-1021	4	22	-20.59	-85.35	-141.98
59400	-0.63	0.93	0.24	-1022	4	23	-22.23	-85.38	-141.43
59400	-0.63	0.93	0.24	-1022	4	23	-22.23	-85.38	-141.43
59600	-7.03	2.03	1.47	-1023	9	25	-24.36	-85.38	-140.03
59600	-7.03	2.03	1.47	-1023	9	25	-24.36	-85.38	-140.03
59800	-1.60	20.71	2.40	-1021	14	-8	-51.13	-86.32	-114.31
59800	-1.60	20.71	2.40	-1021	14	-8	-51.13	-86.32	-114.31
60000	1.86	37.92	0.57	-1016	9	-106	-129.43	-84.09	-35.94
60000	1.86	37.92	0.57	-1016	9	-106	-129.43	-84.09	-35.94
60200	-1.04	28.10	4.01	-988	0	-241	-149.25	-77.81	-15.84
60200	-1.04	28.10	4.01	-988	0	-241	-149.25	-77.81	-15.84
60400	0.10	19.45	0.45	-977	8	-279	-151.28	-74.56	-13.89
60400	0.10	19.45	0.45	-977	8	-279	-151.28	-74.56	-13.89
60600	0.17	36.28	0.47	-939	8	-381	-155.19	-68.54	-10.07
60600	0.17	36.28	0.47	-939	8	-381	-155.19	-68.54	-10.07
60800	-2.43	28.72	-2.05	-899	7	-466	-158.01	-62.64	-8.03
60800	-2.43	28.72	-2.05	-899	7	-466	-158.01	-62.64	-8.03
61000	3.56	21.54	2.10	-849	2	-544	-158.60	-58.53	-6.96
61000	3.56	21.54	2.10	-849	2	-544	-158.60	-58.53	-6.96
61200	-1.71	39.02	-0.83	-789	0	-621	-159.06	-52.62	-6.11
61200	-1.71	39.02	-0.83	-789	0	-621	-159.06	-52.62	-6.11
61400	0.00	15.79	0.59	-727	2	-683	-159.99	-47.30	-5.46
61400	0.00	15.79	0.59	-727	2	-683	-159.99	-47.30	-5.46
61600	-1.65	38.09	-0.15	-655	-6	-758	-160.34	-42.80	-5.26
61600	-1.65	38.09	-0.15	-655	-6	-758	-160.34	-42.80	-5.26
61800	-7.42	41.00	0.19	-570	2	-825	-159.73	-36.15	-4.88
61800	-7.42	41.00	0.19	-570	2	-825	-159.73	-36.15	-4.88
62000	-5.17	23.80	-10.48	-484	34	-892	-159.18	-28.88	-4.50
62000	-5.17	23.80	-10.48	-484	34	-892	-159.18	-28.88	-4.50
62200	-3.56	114.02	-1.40	-259	-25	-957	-160.02	-15.26	-4.12
62200	-3.56	114.02	-1.40	-259	-25	-957	-160.02	-15.26	-4.12
62400	-5.81	34.87	1.55	-121	15	-975	-159.31	-7.79	-4.13
62400	-5.81	34.87	1.55	-121	15	-975	-159.31	-7.79	-4.13
62600	-0.14	-0.13	-2.07	-30	13	-982	-159.39	-3.08	-4.24
62600	-0.14	-0.13	-2.07	-30	13	-982	-159.39	-3.08	-4.24
62800	0.10	-0.46	1.07	-32	5	-984	-159.92	-3.10	-4.14
62800	0.10	-0.46	1.07	-32	5	-984	-159.92	-3.10	-4.14
63000	-0.13	-0.42	0.71	-31	6	-982	-159.53	-3.11	-4.15
63000	-0.13	-0.42	0.71	-31	6	-982	-159.53	-3.11	-4.15
63200	-0.10	0.46	-24.81	-60	-22	-981	-160.21	-3.10	-3.93
63200	-0.10	0.46	-24.81	-60	-22	-981	-160.21	-3.10	-3.93
63400	-0.13	-0.72	0.17	-29	5	-980	-162.45	-3.33	-3.79
63400	-0.13	-0.72	0.17	-29	5	-980	-162.45	-3.33	-3.79
63600	-0.19	-0.41	0.29	-31	6	-983	-161.81	-3.32	-3.82
63600	-0.19	-0.41	0.29	-31	6	-983	-161.81	-3.32	-3.82
63800	0.04	0.25	0.54	-30	4	-984	-160.62	-3.23	-3.71
63800	0.04	0.25	0.54	-30	4	-984	-160.62	-3.23	-3.71
64000	-0.12	-0.04	0.35	-31	3	-981	-159.56	-3.22	-3.73
64000	-0.12	-0.04	0.35	-31	3	-981	-159.56	-3.22	-3.73
64200	-0.07	0.25	0.48	-33	6	-983	-157.41	-3.18	-3.73
64200	-0.07	0.25	0.48	-33	6	-983	-157.41	-3.18	-3.73
64400	0.04	-0.23	0.36	-30	5	-982	-155.42	-3.18	-3.75
64400	0.04	-0.23	0.36	-30	5	-982	-155.42	-3.18	-3.75
64600	0.05	-0.28	0.42	-31	6	-982	-151.40	-3.12	-3.62
64600	0.05	-0.28	0.42	-31	6	-982	-151.40	-3.12	-3.62
64800	0.05	0.37	0.72	-31	5	-979	-147.64	-3.16	-3.66
64800	0.05	0.37	0.72	-31	5	-979	-147.64	-3.16	-3.66
65000	-0.06	-0.28	0.55	-32	5	-981	-67.00	-3.17	-3.66
65000	-0.06	-0.28	0.55	-32	5	-981	-67.00	-3.17	-3.66
65200	0.18	-0.30	0.02	-30	5	-981	-45.22	-3.15	-3.50
65200	0.18	-0.30	0.02	-30	5	-981	-45.22	-3.15	-3.50
65400	0.17	-0.38	1.02	-31	6	-984	-37.38	-3.13	-3.52
65400	0.17	-0.38	1.02	-31	6	-984	-37.38	-3.13	-3.52
65600	-0.03	0.00	0.01	-32	6	-984	-33.56	-3.10	-3.52
65600	-0.03	0.00	0.01	-32	6	-984	-33.56	-3.10	-3.52
65800	0.11	0.41	1.03	-32	5	-985	-31.29	-3.03	-3.38
65800	0.11	0.41	1.03	-32	5	-985	-31.29	-3.03	-3.38
66000	0.00	0.14	0.73	-31	6	-984	-30.98	-3.07	-3.40
66000	0.00	0.14	0.73	-31	6	-984	-30.98	-3.07	-3.40
66200	0.07	0.11	-0.09	-30	3	-983	-30.92	-3.06	-3.41
66200	0.07	0.11	-0.09	-30	3	-983	-30.92	-3.06	-3.41
66400	-0.06	0.02	0.61	-31	5	-981	-30.83	-2.99	-3.31
66400	-0.06	0.02	0.61	-31	5	-981	-30.83	-2.99	-3.31
66600	-0.29	0.44	0.59	-31	4	-981	-30.86	-2.96	-3.34
66600	-0.29	0.44	0.59	-31	4	-981	-30.86	-2.96	-3.34
66800	0.11	0.02	0.44	-31	5	-980	-30.82	-2.93	-3.33
66800	0.11	0.02	0.44	-31	5	-980	-30.82	-2.93	-3.33
67000	0.00	-0.18	1.15	-29	6	-981	-30.83	-2.89	-3.24
67000	0.00	-0.18	1.15	-29	6	-981	-30.83	-2.89	-3.24
67200	-0.06	-0.82	0.43	-31	5	-985	-30.80	-2.89	-3.26
67200	-0.06	-0.82	0.43	-31	5	-985	-30.80	-2.89	-3.26
67400	11.75	-1.05	-6.98	-43	27	-989	-32.03	-3.03	-2.69
67400	11.75	-1.05	-6.98	-43	27	-989	-32.03	-3.03	-2.69
67600	-21.27	45.57	-1.38	45	17	-1031	-32.11	2.50	-5.49
67600	-21.27	45.57	-1.38	45	17	-1031	-32.11	2.50	-5.49
67800	-29.06	29.37	2.35	206	124	-962	-34.31	10.95	-9.74
67800	-29.06	29.37	2.35	206	124	-962	-34.31	10.95	-9.74
68000	20.99	-17.96	-19.49	266	125	-913	-37.77	15.05	-12.07
68000	20.99	-17.96	-19.49	266	125	-913	-37.77	15.05	-12.07
68200	11.07	-18.75	6.25	124	104	-955	-40.37	5.92	-9.46
68200	11.07	-18.75	6.25	124	104	-955	-40.37	5.92	-9.46
68400	-42.44	21.89	3.07	137	161	-862	-39.43	6.01	-11.84
68400	-42.44	21.89	3.07	137	161	-862	-39.43	6.01	-11.84
68600	-80.95	-54.62	-2.16	88	392	-784	-38.83	2.21	-24.24
68600	-80.95	-54.62	-2.16	88	392	-784	-38.83	2.21	-24.24
68800	-9.94	-43.04	2.94	-169	477	-835	-33.51	-10.23	-32.74
68800	-9.94	-43.04	2.94	-169	477	-835	-33.51	-10.23	-32.74
69000	63.74	17.97	22.37	-182	301	-915	-32.33	-11.02	-21.36
69000	63.74	17.97	22.37	-182	301	-915	-32.33	-11.02	-21.36
69200	30.31	46.98	13.06	-130	163	-885	-31.51	-5.62	-13.09
69200	30.31	46.98	13.06	-130	163	-885	-31.51	-5.62	-13.09
69400	5.50	26.37	-0.85	12	95	-950	-33.38	0.17	-10.13
69400	5.50	26.37	-0.85	12	95	-950	-33.38	0.17	-10.13
69600	13.47	13.80	2.70	57	92	-970	-33.40	2.91	-7.78
69600	13.47	13.80	2.70	57	92	-970	-33.40	2.91	-7.78
69800	151.42	-27.82	-67.14	33	-9	-843	-38.18	4.68	-5.15
69800	151.42	-27.82	-67.14	33	-9	-843	-38.18	4.68	-5.15
70000	9.93	32.05	6.75	83	-79	-915	-41.78	6.37	2.57
70000	9.93	32.05	6.75	83	-79	-915	-41.78	6.37	2.57
70200	6.28	29.39	17.43	212	-100	-965	-41.73	9.65	3.68
70200	6.28	29.39	17.43	212	-100	-965	-41.73	9.65	3.68
70400	44.75	0.63	71.57	278	-159	-1036	-40.41	10.62	8.31
70400	44.75	0.63	71.57	278	-159	-1036	-40.41	10.62	8.31
70600	-1.00	-29.73	16.54	176	-168	-862	-30.01	8.84	7.94
70600	-1.00	-29.73	16.54	176	-168	-862	-30.01	8.84	7.94
70800	-36.62	-101.36	-35.52	-92	-280	-903	-30.57	-4.65	4.66
70800	-36.62	-101.36	-35.52	-92	-280	-903	-30.57	-4.65	4.66
71000	-66.63	1.10	-60.32	-316	-5	-1054	-39.50	-14.60	-5.73
71000	-66.63	1.10	-60.32	-316	-5	-1054	-39.50	-14.60	-5.73
71200	-49.74	120.70	-126.88	-142	154	-1044	-53.37	-7.45	-9.50
71200	-49.74	120.70	-126.88	-142	154	-1044	-53.37	-7.45	-9.50
71400	20.42	104.96	37.94	247	202	-923	-63.73	15.85	-7.23
71400	20.42	104.96	37.94	247	202	-923	-63.73	15.85	-7.23
71600	53.09	50.87	52.27	521	-157	-652	-51.34	34.74	16.96
71600	53.09	50.87	52.27	521	-157	-652	-51.34	34.74	16.96
71800	-19.03	-6.52	133.39	360	-569	-595	-23.58	26.84	37.27
71800	-19.03	-6.52	133.39	360	-569	-595	-23.58	26.84	37.27
72000	-73.62	-108.20	51.41	126	-601	-824	-18.89	7.44	26.55
72000	-73.62	-108.20	51.41	126	-601	-824	-18.89	7.44	26.55
72200	-116.22	-95.19	-8.50	-221	-307	-956	-18.77	-11.40	10.51
72200	-116.22	-95.19	-8.50	-221	-307	-956	-18.77	-11.40	10.51
72400	-31.02	21.06	-49.73	-323	-39	-1004	-27.34	-17.75	0.52
72400	-31.02	21.06	-49.73	-323	-39	-1004	-27.34	-17.75	0.52
72600	21.42	103.10	-23.85	-150	105	-931	-33.36	-8.48	-4.32
72600	21.42	103.10	-23.85	-150	105	-931	-33.36	-8.48	-4.32
72800	55.48	102.85	5.24	146	18	-943	-35.65	13.71	0.28
72800	55.48	102.85	5.24	146	18	-943	-35.65	13.71	0.28
73000	3.64	19.22	56.45	420	-230	-822	-30.83	26.68	12.38
73000	3.64	19.22	56.45	420	-230	-822	-30.83	26.68	12.38
73200	70.07	-15.60	42.26	381	-413	-702	-41.35	24.34	21.20
73200	70.07	-15.60	42.26	381	-413	-702	-41.35	24.34	21.20
73400	-0.04	-4.20	-8.48	161	-379	-861	-42.55	10.51	20.13
73400	-0.04	-4.20	-8.48	161	-379	-861	-42.55	10.51	20.13
73600	-155.63	-64.95	20.08	310	-249	-772	-41.95	17.45	16.55
73600	-155.63	-64.95	20.08	310	-249	-772	-41.95	17.45	16.55
73800	-24.07	-31.87	36.71	265	-406	-940	-42.02	5.40	17.84
73800	-24.07	-31.87	36.71	265	-406	-940	-42.02	5.40	17.84
74000	-73.44	-210.99	-11.63	-483	-125	-836	-46.84	-28.09	9.95
74000	-73.44	-210.99	-11.63	-483	-125	-836	-46.84	-28.09	9.95
74200	-114.91	-28.77	4.92	-1094	572	-502	-25.29	-70.00	-33.16
74200	-114.91	-28.77	4.92	-1094	572	-502	-25.29	-70.00	-33.16
74400	-8.51	215.57	68.45	-758	215	-712	-33.31	-32.03	-17.38
74400	-8.51	215.57	68.45	-758	215	-712	-33.31	-32.03	-17.38
74600	45.32	117.95	16.35	113	-6	-656	-37.23	15.84	-4.58
74600	45.32	117.95	16.35	113	-6	-656	-37.23	15.84	-4.58
74800	-66.95	-267.25	-36.31	-407	188	-925	-100.22	-11.47	-8.80
74800	-66.95	-267.25	-36.31	-407	188	-925	-100.22	-11.47	-8.80
75000	-9.76	1.12	6.48	-817	328	-971	-123.53	-42.31	-21.74
75000	-9.76	1.12	6.48	-817	328	-971	-123.53	-42.31	-21.74
75200	61.90	57.22	-36.12	-467	-13	-878	-135.60	-14.19	-2.80
75200	61.90	57.22	-36.12	-467	-13	-878	-135.60	-14.19	-2.80
75400	-38.03	-61.21	2.71	-278	-84	-652	-134.59	-17.03	3.91
75400	-38.03	-61.21	2.71	-278	-84	-652	-134.59	-17.03	3.91
75600	-217.69	-150.37	80.63	-765	679	-506	-110.67	-43.57	-46.07
75600	-217.69	-150.37	80.63	-765	679	-506	-110.67	-43.57	-46.07
75800	-121.34	-74.66	99.01	-825	985	263	-83.94	-33.16	-103.60
75800	-121.34	-74.66	99.01	-825	985	263	-83.94	-33.16	-103.60
76000	287.66	158.66	12.15	-442	718	-578	-114.22	-13.31	-56.06
76000	287.66	158.66	12.15	-442	718	-578	-114.22	-13.31	-56.06
76200	-327.68	-102.05	57.48	-315	501	-766	-121.45	-16.91	-47.90
76200	-327.68	-102.05	57.48	-315	501	-766	-121.45	-16.91	-47.90
76400	-163.52	-35.56	36.13	-253	902	546	-98.01	-17.32	-108.59
76400	-163.52	-35.56	36.13	-253	902	546	-98.01	-17.32	-108.59
76600	280.87	65.13	21.37	-371	871	-368	-112.33	-16.47	-55.39
76600	280.87	65.13	21.37	-371	871	-368	-112.33	-16.47	-55.39
76800	327.48	159.90	35.79	191	-207	-1054	-119.23	14.90	10.72
76800	327.48	159.90	35.79	191	-207	-1054	-119.23	14.90	10.72
77000	151.92	27.46	-10.44	316	-879	-209	-108.43	23.90	66.27
77000	151.92	27.46	-10.44	316	-879	-209	-108.43	23.90	66.27
77200	-246.69	-233.83	103.18	-7	-772	-290	-122.47	2.04	50.75
77200	-246.69	-233.83	103.18	-7	-772	-290	-122.47	2.04	50.75
77400	-322.46	-273.18	60.93	-804	-187	-638	-126.75	-54.12	-7.30
77400	-322.46	-273.18	60.93	-804	-187	-638	-126.75	-54.12	-7.30
77600	-110.06	53.97	153.25	-839	412	-370	-102.04	-48.84	-61.51
77600	-110.06	53.97	153.25	-839	412	-370	-102.04	-48.84	-61.51
77800	231.38	157.21	129.72	-246	997	-441	-109.58	-4.60	-74.34
77800	231.38	157.21	129.72	-246	997	-441	-109.58	-4.60	-74.34
78000	327.57	133.03	29.59	242	319	-1031	-117.74	22.36	-20.68
78000	327.57	133.03	29.59	242	319	-1031	-117.74	22.36	-20.68
78200	41.24	-138.12	-15.92	226	-359	-792	-114.85	18.74	12.37
78200	41.24	-138.12	-15.92	226	-359	-792	-114.85	18.74	12.37
78400	-193.25	-226.58	1.15	-238	-153	-952	-126.63	-14.58	0.26
78400	-193.25	-226.58	1.15	-238	-153	-952	-126.63	-14.58	0.26
78600	22.62	24.24	110.08	-582	464	-885	-112.55	-27.96	-34.34
78600	22.62	24.24	110.08	-582	464	-885	-112.55	-27.96	-34.34
78800	40.09	119.04	42.37	-231	349	-834	-107.86	-11.71	-29.13
78800	40.09	119.04	42.37	-231	349	-834	-107.86	-11.71	-29.13
79000	64.48	152.07	-8.59	325	123	-899	-118.22	23.01	-20.83
79000	64.48	152.07	-8.59	325	123	-899	-118.22	23.01	-20.83
79200	85.53	229.45	12.75	888	-83	-647	-132.04	57.79	-5.44
79200	85.53	229.45	12.75	888	-83	-647	-132.04	57.79	-5.44
79400	44.67	164.42	57.14	925	-285	290	-1.74	72.61	139.68
79400	44.67	164.42	57.14	925	-285	290	-1.74	72.61	139.68
79600	-19.53	-286.30	14.83	761	-299	173	-54.13	75.98	86.16
79600	-19.53	-286.30	14.83	761	-299	173	-54.13	75.98	86.16
79800	45.94	-308.45	28.43	96	-216	-965	-123.84	20.40	15.57
79800	45.94	-308.45	28.43	96	-216	-965	-123.84	20.40	15.57
80000	-38.98	5.47	-19.69	-78	-220	-937	-127.92	-1.42	6.48
80000	-38.98	5.47	-19.69	-78	-220	-937	-127.92	-1.42	6.48
80200	-20.47	42.45	5.49	-21	-115	-1009	-126.51	-0.16	-1.38
80200	-20.47	42.45	5.49	-21	-115	-1009	-126.51	-0.16	-1.38
80400	-20.00	1.68	10.38	31	4	-954	-129.63	7.14	-3.09
80400	-20.00	1.68	10.38	31	4	-954	-129.63	7.14	-3.09
80600	0.70	-2.11	-5.55	-40	5	-980	-127.17	2.47	-6.22
80600	0.70	-2.11	-5.55	-40	5	-980	-127.17	2.47	-6.22
80800	0.04	-0.30	-20.31	-71	-35	-983	-132.77	1.74	-6.30
80800	0.04	-0.30	-20.31	-71	-35	-983	-132.77	1.74	-6.30
81000	-0.26	0.29	0.68	-34	4	-982	-132.72	1.54	-5.92
81000	-0.26	0.29	0.68	-34	4	-982	-132.72	1.54	-5.92
81200	0.08	-0.18	0.76	-33	4	-983	-132.61	1.54	-5.89
81200	0.08	-0.18	0.76	-33	4	-983	-132.61	1.54	-5.89
81400	0.32	-0.18	0.53	-34	3	-984	-132.52	1.54	-5.88
81400	0.32	-0.18	0.53	-34	3	-984	-132.52	1.54	-5.88
81600	-0.18	0.00	0.04	-31	2	-981	-132.39	1.32	-5.46
81600	-0.18	0.00	0.04	-31	2	-981	-132.39	1.32	-5.46
81800	-0.08	0.23	0.47	-32	4	-983	-132.26	1.30	-5.44
81800	-0.08	0.23	0.47	-32	4	-983	-132.26	1.30	-5.44
82000	-0.26	0.23	0.63	-33	6	-981	-132.15	1.33	-5.45
82000	-0.26	0.23	0.63	-33	6	-981	-132.15	1.33	-5.45
82200	-0.20	-0.12	0.46	-31	3	-979	-132.03	1.11	-5.09
82200	-0.20	-0.12	0.46	-31	3	-979	-132.03	1.11	-5.09
82400	0.27	0.00	0.65	-32	6	-983	-131.92	1.09	-5.09
82400	0.27	0.00	0.65	-32	6	-983	-131.92	1.09	-5.09
82600	-0.08	0.00	0.82	-32	3	-984	-131.79	1.09	-5.10
82600	-0.08	0.00	0.82	-32	3	-984	-131.79	1.09	-5.10
82800	-0.14	-0.36	0.70	-33	3	-984	-131.65	0.91	-4.76
82800	-0.14	-0.36	0.70	-33	3	-984	-131.65	0.91	-4.76
83000	0.16	0.28	0.17	-32	3	-984	-131.54	0.90	-4.75
83000	0.16	0.28	0.17	-32	3	-984	-131.54	0.90	-4.75
83200	0.39	0.17	0.47	-34	6	-982	-131.39	0.91	-4.73
83200	0.39	0.17	0.47	-34	6	-982	-131.39	0.91	-4.73
83400	0.15	-0.30	0.35	-33	4	-983	-131.26	0.74	-4.43
83400	0.15	-0.30	0.35	-33	4	-983	-131.26	0.74	-4.43
83600	-0.14	0.29	0.58	-33	3	-979	-131.14	0.78	-4.42
83600	-0.14	0.29	0.58	-33	3	-979	-131.14	0.78	-4.42
83800	0.15	-0.30	0.41	-33	2	-982	-131.02	0.79	-4.42
83800	0.15	-0.30	0.41	-33	2	-982	-131.02	0.79	-4.42
84001	0.15	-0.12	0.71	-32	5	-983	-130.91	0.83	-4.44
84001	0.15	-0.12	0.71	-32	5	-983	-130.91	0.83	-4.44
84200	-0.20	-0.17	0.76	-32	4	-984	-128.95	0.71	-4.21
84200	-0.20	-0.17	0.76	-32	4	-984	-128.95	0.71	-4.21
84400	0.21	0.05	0.38	-35	5	-990	-111.12	0.73	-4.17
84400	0.21	0.05	0.38	-35	5	-990	-111.12	0.73	-4.17
84600	-0.25	0.01	1.02	-34	4	-982	-100.33	0.74	-4.16
84600	-0.25	0.01	1.02	-34	4	-982	-100.33	0.74	-4.16
84800	0.39	-0.12	0.86	-34	4	-983	-95.42	0.62	-3.91
84800	0.39	-0.12	0.86	-34	4	-983	-95.42	0.62	-3.91
85000	0.09	-0.16	0.99	-34	3	-981	-91.03	0.65	-3.89
85000	0.09	-0.16	0.99	-34	3	-981	-91.03	0.65	-3.89
85200	-0.13	-0.12	0.62	-32	5	-980	-89.42	0.67	-3.88
85200	-0.13	-0.12	0.62	-32	5	-980	-89.42	0.67	-3.88
85400	-0.13	-0.04	1.04	-33	3	-981	-87.74	0.51	-3.71
85400	-0.13	-0.04	1.04	-33	3	-981	-87.74	0.51	-3.71
85600	-0.25	0.77	0.56	-34	4	-981	-86.98	0.55	-3.71
85600	-0.25	0.77	0.56	-34	4	-981	-86.98	0.55	-3.71
85800	-0.31	0.10	0.73	-35	4	-983	-86.19	0.58	-3.73
85800	-0.31	0.10	0.73	-35	4	-983	-86.19	0.58	-3.73
86000	0.16	-0.07	0.28	-34	4	-984	-85.76	0.47	-3.54
86000	0.16	-0.07	0.28	-34	4	-984	-85.76	0.47	-3.54
86200	0.03	0.04	0.58	-33	4	-982	-85.21	0.54	-3.53
86200	0.03	0.04	0.58	-33	4	-982	-85.21	0.54	-3.53
86400	-0.02	0.10	0.81	-32	5	-981	-84.90	0.57	-3.52
86400	-0.02	0.10	0.81	-32	5	-981	-84.90	0.57	-3.52
86600	0.22	0.10	0.81	-35	5	-982	-84.54	0.45	-3.32
86600	0.22	0.10	0.81	-35	5	-982	-84.54	0.45	-3.32
86800	0.16	-0.37	0.81	-33	3	-983	-84.28	0.48	-3.29
86800	0.16	-0.37	0.81	-33	3	-983	-84.28	0.48	-3.29
87000	0.28	0.34	0.58	-35	4	-983	-84.06	0.51	-3.29
87000	0.28	0.34	0.58	-35	4	-983	-84.06	0.51	-3.29
87200	-0.25	0.22	0.38	-33	4	-982	-83.87	0.53	-3.27
87200	-0.25	0.22	0.38	-33	4	-982	-83.87	0.53	-3.27
87400	0.40	-0.74	0.47	-34	4	-979	-83.69	0.41	-3.09
87400	0.40	-0.74	0.47	-34	4	-979	-83.69	0.41	-3.09
87600	0.22	-0.01	0.58	-35	3	-983	-83.54	0.42	-3.07
87600	0.22	-0.01	0.58	-35	3	-983	-83.54	0.42	-3.07
87800	0.28	0.05	0.76	-33	3	-984	-83.36	0.43	-3.05
87800	0.28	0.05	0.76	-33	3	-984	-83.36	0.43	-3.05
88000	-0.13	0.48	0.93	-34	4	-984	-83.22	0.31	-2.93
88000	-0.13	0.48	0.93	-34	4	-984	-83.22	0.31	-2.93
88200	0.04	0.04	0.76	-34	5	-983	-83.06	0.33	-2.90
88200	0.04	0.04	0.76	-34	5	-983	-83.06	0.33	-2.90
88400	-0.13	0.34	0.46	-32	4	-982	-82.95	0.38	-2.89
88400	-0.13	0.34	0.46	-32	4	-982	-82.95	0.38	-2.89
88600	-0.13	-0.35	0.98	-33	5	-979	-82.81	0.31	-2.75
88600	-0.13	-0.35	0.98	-33	5	-979	-82.81	0.31	-2.75
88800	-0.13	0.16	0.52	-32	4	-982	-82.72	0.34	-2.73
88800	-0.13	0.16	0.52	-32	4	-982	-82.72	0.34	-2.73
89000	0.34	0.04	0.46	-33	4	-980	-82.64	0.35	-2.70
89000	0.34	0.04	0.46	-33	4	-980	-82.64	0.35	-2.70
89200	-0.13	0.24	0.87	-35	4	-982	-82.56	0.28	-2.58
89200	-0.13	0.24	0.87	-35	4	-982	-82.56	0.28	-2.58
89400	0.28	0.52	0.70	-34	5	-984	-82.48	0.30	-2.58
89400	0.28	0.52	0.70	-34	5	-984	-82.48	0.30	-2.58
89600	-0.07	0.05	0.88	-34	4	-983	-82.38	0.29	-2.59
89600	-0.07	0.05	0.88	-34	4	-983	-82.38	0.29	-2.59
89800	0.04	0.16	0.64	-32	3	-983	-82.29	0.17	-2.48
89800	0.04	0.16	0.64	-32	3	-983	-82.29	0.17	-2.48
90000	0.34	-0.80	0.70	-34	5	-980	-82.18	0.12	-2.48
90000	0.34	-0.80	0.70	-34	5	-980	-82.18	0.12	-2.48
90200	-0.07	0.04	0.51	-33	2	-981	-82.13	0.13	-2.48
90200	-0.07	0.04	0.51	-33	2	-981	-82.13	0.13	-2.48
90400	-0.07	0.28	0.51	-35	6	-979	-82.06	0.12	-2.48
90400	-0.07	0.28	0.51	-35	6	-979	-82.06	0.12	-2.48
90600	-0.07	-0.29	1.05	-31	3	-982	-82.00	0.06	-2.40
90600	-0.07	-0.29	1.05	-31	3	-982	-82.00	0.06	-2.40
90800	-0.01	0.28	0.46	-33	3	-985	-81.93	0.07	-2.43
90800	-0.01	0.28	0.46	-33	3	-985	-81.93	0.07	-2.43
91000	-0.18	0.11	0.92	-32	6	-983	-81.84	0.06	-2.42
91000	-0.18	0.11	0.92	-32	6	-983	-81.84	0.06	-2.42
91200	-0.07	0.28	0.45	-34	3	-984	-81.78	0.00	-2.34
91200	-0.07	0.28	0.45	-34	3	-984	-81.78	0.00	-2.34
91400	-0.36	0.28	0.43	-35	5	-982	-81.75	0.02	-2.34
91400	-0.36	0.28	0.43	-35	5	-982	-81.75	0.02	-2.34
91600	0.10	0.04	0.64	-32	5	-983	-81.70	0.05	-2.35
91600	0.10	0.04	0.64	-32	5	-983	-81.70	0.05	-2.35
91800	0.10	-0.25	0.81	-34	3	-982	-81.67	-0.03	-2.26
91800	0.10	-0.25	0.81	-34	3	-982	-81.67	-0.03	-2.26
92000	0.16	-0.07	0.52	-33	5	-982	-81.59	-0.04	-2.20
92000	0.16	-0.07	0.52	-33	5	-982	-81.59	-0.04	-2.20
92200	0.04	0.40	0.69	-33	4	-979	-81.57	0.01	-2.19
92200	0.04	0.40	0.69	-33	4	-979	-81.57	0.01	-2.19
92400	-0.07	-0.37	0.57	-32	4	-981	-81.54	-0.04	-2.13
92400	-0.07	-0.37	0.57	-32	4	-981	-81.54	-0.04	-2.13
92600	0.04	0.00	0.99	-34	4	-982	-81.50	-0.07	-2.09
92600	0.04	0.00	0.99	-34	4	-982	-81.50	-0.07	-2.09
92800	-0.13	-0.30	0.92	-33	4	-983	-81.46	-0.03	-2.08
92800	-0.13	-0.30	0.92	-33	4	-983	-81.46	-0.03	-2.08
93000	-0.01	0.10	0.69	-33	5	-984	-81.44	-0.07	-2.00
93000	-0.01	0.10	0.69	-33	5	-984	-81.44	-0.07	-2.00
93200	-0.01	-0.44	0.46	-31	5	-983	-81.39	-0.09	-1.99
93200	-0.01	-0.44	0.46	-31	5	-983	-81.39	-0.09	-1.99
93400	0.34	0.04	0.58	-35	4	-981	-81.39	-0.06	-1.99
93400	0.34	0.04	0.58	-35	4	-981	-81.39	-0.06	-1.99
93600	0.22	0.10	0.34	-35	5	-980	-81.33	-0.07	-1.97
93600	0.22	0.10	0.34	-35	5	-980	-81.33	-0.07	-1.97
93800	-0.18	0.42	1.09	-32	3	-979	-81.31	-0.14	-1.90
93800	-0.18	0.42	1.09	-32	3	-979	-81.31	-0.14	-1.90
94000	-0.01	-0.38	0.45	-33	6	-982	-81.24	-0.14	-1.90
94000	-0.01	-0.38	0.45	-33	6	-982	-81.24	-0.14	-1.90
94200	0.28	0.40	0.75	-34	5	-982	-81.22	-0.10	-1.87
94200	0.28	0.40	0.75	-34	5	-982	-81.22	-0.10	-1.87
94400	-0.12	0.28	0.38	-32	4	-983	-81.18	-0.13	-1.83
94400	-0.12	0.28	0.38	-32	4	-983	-81.18	-0.13	-1.83
94600	0.04	-0.31	0.69	-32	6	-984	-81.17	-0.14	-1.85
94600	0.04	-0.31	0.69	-32	6	-984	-81.17	-0.14	-1.85
94800	0.46	0.70	0.39	-34	6	-981	-81.11	-0.11	-1.83
94800	0.46	0.70	0.39	-34	6	-981	-81.11	-0.11	-1.83